[01-Nov-2024 04:37:11 UTC] PHP Fatal error:  Uncaught DivisionByZeroError: Division by zero in C:\laragon\www\error_handling\ErrorHandlerExample.php:27
Stack trace:
#0 C:\laragon\www\error_handling\ErrorHandlerExample.php(35): ErrorHandlerExample->divide(10, 0)
#1 {main}
  thrown in C:\laragon\www\error_handling\ErrorHandlerExample.php on line 27
[01-Nov-2024 04:41:58 UTC] PHP Fatal error:  Uncaught DivisionByZeroError: Division by zero in C:\laragon\www\error_handling\ErrorHandlerExample.php:27
Stack trace:
#0 C:\laragon\www\error_handling\ErrorHandlerExample.php(35): ErrorHandlerExample->divide(10, 0)
#1 {main}
  thrown in C:\laragon\www\error_handling\ErrorHandlerExample.php on line 27
[01-Nov-2024 04:58:32 UTC] PHP Fatal error:  Uncaught DivisionByZeroError: Division by zero in C:\laragon\www\error_handling\index.php:12
Stack trace:
#0 C:\laragon\www\error_handling\index.php(18): testErrorTypes()
#1 {main}
  thrown in C:\laragon\www\error_handling\index.php on line 12
[01-Nov-2024 04:59:26 UTC] PHP Fatal error:  Uncaught DivisionByZeroError: Division by zero in C:\laragon\www\error_handling\index.php:12
Stack trace:
#0 C:\laragon\www\error_handling\index.php(18): testErrorTypes()
#1 {main}
  thrown in C:\laragon\www\error_handling\index.php on line 12
[01-Nov-2024 11:01:31 Asia/Dhaka] PHP Fatal error:  Uncaught DivisionByZeroError: Division by zero in C:\laragon\www\error_handling\index.php:13
Stack trace:
#0 C:\laragon\www\error_handling\index.php(19): testErrorTypes()
#1 {main}
  thrown in C:\laragon\www\error_handling\index.php on line 13
[01-Nov-2024 11:14:13 Asia/Dhaka] PHP Fatal error:  Uncaught DivisionByZeroError: Division by zero in C:\laragon\www\error_handling\index.php:14
Stack trace:
#0 C:\laragon\www\error_handling\index.php(26): testErrorTypes()
#1 {main}
  thrown in C:\laragon\www\error_handling\index.php on line 14
[01-Nov-2024 11:16:38 Asia/Dhaka] PHP Fatal error:  Uncaught DivisionByZeroError: Division by zero in C:\laragon\www\error_handling\index.php:14
Stack trace:
#0 C:\laragon\www\error_handling\index.php(26): testErrorTypes()
#1 {main}
  thrown in C:\laragon\www\error_handling\index.php on line 14
[01-Nov-2024 11:19:52 Asia/Dhaka] PHP Fatal error:  Custom error! in C:\laragon\www\error_handling\index.php on line 18
[01-Nov-2024 11:19:52 Asia/Dhaka] PHP Stack trace:
[01-Nov-2024 11:19:52 Asia/Dhaka] PHP   1. {main}() C:\laragon\www\error_handling\index.php:0
[01-Nov-2024 11:19:52 Asia/Dhaka] PHP   2. testErrorTypes() C:\laragon\www\error_handling\index.php:26
[01-Nov-2024 11:19:52 Asia/Dhaka] PHP   3. trigger_error($message = 'Custom error!', $error_level = 256) C:\laragon\www\error_handling\index.php:18
[01-Nov-2024 05:25:55 UTC] PHP Fatal error:  Uncaught DivisionByZeroError: Division by zero in C:\laragon\www\error_handling\ErrorHandlerExample.php:27
Stack trace:
#0 C:\laragon\www\error_handling\ErrorHandlerExample.php(35): ErrorHandlerExample->divide(10, 0)
#1 {main}
  thrown in C:\laragon\www\error_handling\ErrorHandlerExample.php on line 27
[01-Nov-2024 06:25:31 UTC] PHP Warning:  Array to string conversion in C:\laragon\www\error_handling\ErrorHandlerExample.php on line 29
[01-Nov-2024 06:25:31 UTC] PHP Stack trace:
[01-Nov-2024 06:25:31 UTC] PHP   1. {main}() C:\laragon\www\error_handling\ErrorHandlerExample.php:0
[01-Nov-2024 06:25:31 UTC] PHP   2. ErrorHandlerExample->divide($a = 10, $b = 0) C:\laragon\www\error_handling\ErrorHandlerExample.php:35
